2025-04-16 16:55:42,839 - master.gui - INFO - Master应用已启动
2025-04-16 16:55:50,961 - master.gui - INFO - 应用已关闭
2025-04-16 16:57:56,436 - master.gui - INFO - Master应用已启动
2025-04-16 17:15:37,085 - master.network - INFO - 监听线程已启动
2025-04-16 17:15:37,085 - master.network - INFO - 服务器已启动，监听 0.0.0.0:12345
2025-04-16 17:15:48,787 - master.network - INFO - 服务器已停止
2025-04-16 17:15:55,525 - master.network - INFO - 监听线程已启动
2025-04-16 17:15:55,526 - master.network - INFO - 服务器已启动，监听 0.0.0.0:12345
2025-04-16 17:15:56,027 - master.network - INFO - 客户端连接超时
2025-04-16 17:16:01,037 - master.network - INFO - 服务器已停止
2025-04-16 17:16:04,060 - master.network - INFO - 监听线程已启动
2025-04-16 17:16:04,060 - master.network - INFO - 服务器已启动，监听 0.0.0.0:12345
2025-04-16 17:16:05,332 - master.network - INFO - 服务器已停止
2025-04-16 17:16:28,901 - master.gui - INFO - 应用已关闭
2025-04-16 22:08:40,522 - master.gui - INFO - Master应用已启动
2025-04-16 22:09:42,052 - master.gui - INFO - 应用已关闭
2025-04-17 12:10:23,791 - master.gui - INFO - Master应用已启动
2025-04-17 12:11:09,743 - master.network - INFO - 监听线程已启动
2025-04-17 12:11:09,743 - master.network - INFO - 服务器已启动，监听 0.0.0.0:12345
2025-04-17 12:11:12,060 - master.network - INFO - 检测到最近时间调整: 60.000秒，已补偿同步时间戳
2025-04-17 12:11:12,061 - master.network - INFO - 检测到最近时间调整: 60.000秒，已补偿同步时间戳
2025-04-17 12:11:12,061 - master.network - INFO - 检测到最近时间调整: 60.000秒，已补偿同步时间戳
2025-04-17 12:11:12,062 - master.network - INFO - 检测到最近时间调整: 60.000秒，已补偿同步时间戳
2025-04-17 12:11:12,062 - master.network - INFO - 检测到最近时间调整: 60.000秒，已补偿同步时间戳
2025-04-17 12:11:12,062 - master.network - INFO - 检测到最近时间调整: 60.000秒，已补偿同步时间戳
2025-04-17 12:11:17,073 - master.network - INFO - 检测到最近时间调整: 60.000秒，已补偿同步时间戳
2025-04-17 12:11:17,073 - master.network - INFO - 检测到最近时间调整: 60.000秒，已补偿同步时间戳
2025-04-17 12:11:17,074 - master.network - INFO - 检测到最近时间调整: 60.000秒，已补偿同步时间戳
2025-04-17 12:11:17,074 - master.network - INFO - 检测到最近时间调整: 60.000秒，已补偿同步时间戳
2025-04-17 12:11:17,075 - master.network - INFO - 检测到最近时间调整: 60.000秒，已补偿同步时间戳
2025-04-17 12:11:17,075 - master.network - INFO - 检测到最近时间调整: 60.000秒，已补偿同步时间戳
2025-04-17 12:11:46,137 - master.network - INFO - 服务器已停止
2025-04-17 12:11:46,138 - master.gui - INFO - 应用已关闭
2025-04-17 12:19:05,316 - master.gui - INFO - Master应用已启动
2025-04-17 12:19:43,295 - master.network - INFO - 监听线程已启动
2025-04-17 12:19:43,295 - master.network - INFO - 服务器已启动，监听 0.0.0.0:12345
2025-04-17 12:20:54,372 - master.network - INFO - 客户端连接超时
2025-04-17 12:27:59,281 - master.gui - INFO - Master应用已启动
2025-04-17 12:50:24,072 - master.network - INFO - 服务器已停止
2025-04-17 12:50:24,073 - master.gui - INFO - 应用已关闭
2025-04-17 12:50:28,647 - master.gui - INFO - 应用已关闭
