2025-04-16 21:09:21,792 - master.gui - INFO - Master应用已启动
2025-04-16 21:09:50,951 - master.network - INFO - 监听线程已启动
2025-04-16 21:09:50,951 - master.network - INFO - 服务器已启动，监听 0.0.0.0:12345
2025-04-16 21:11:06,954 - master.network - INFO - 客户端连接超时
2025-04-16 21:12:33,685 - master.network - INFO - 已处理 100 个同步请求
2025-04-16 21:12:39,700 - master.network - INFO - 服务器已停止
2025-04-16 21:13:00,553 - master.gui - INFO - 应用已关闭
2025-04-16 21:30:27,946 - master.gui - INFO - Master应用已启动
2025-04-16 21:30:45,140 - master.network - INFO - 监听线程已启动
2025-04-16 21:30:45,141 - master.network - INFO - 服务器已启动，监听 0.0.0.0:12345
2025-04-16 21:32:03,174 - master.network - INFO - 服务器已停止
2025-04-16 21:32:06,070 - master.gui - INFO - 应用已关闭
2025-04-16 21:32:28,405 - master.gui - INFO - Master应用已启动
2025-04-16 21:38:06,966 - master.gui - INFO - 应用已关闭
2025-04-16 21:39:47,667 - master.gui - INFO - Master应用已启动
2025-04-16 21:40:09,932 - master.network - INFO - 监听线程已启动
2025-04-16 21:40:09,932 - master.network - INFO - 服务器已启动，监听 0.0.0.0:12345
2025-04-16 21:41:32,887 - master.network - INFO - 已处理 100 个同步请求
2025-04-16 21:41:49,926 - master.network - INFO - 服务器已停止
2025-04-16 21:41:50,388 - master.gui - INFO - 应用已关闭
2025-04-16 21:59:58,477 - master.gui - INFO - Master应用已启动
2025-04-16 22:07:31,717 - master.gui - INFO - 应用已关闭
2025-04-17 08:48:20,832 - master.gui - INFO - Master应用已启动
2025-04-17 08:48:39,444 - master.network - INFO - 监听线程已启动
2025-04-17 08:48:39,444 - master.network - INFO - 服务器已启动，监听 0.0.0.0:12345
2025-04-17 08:50:05,310 - master.network - INFO - 已处理 100 个同步请求
2025-04-17 08:51:23,496 - master.network - INFO - 服务器已停止
2025-04-17 08:51:27,527 - master.network - INFO - 监听线程已启动
2025-04-17 08:51:27,527 - master.network - INFO - 服务器已启动，监听 0.0.0.0:12345
2025-04-17 08:51:43,035 - master.network - INFO - 服务器已停止
2025-04-17 08:51:44,323 - master.network - INFO - 监听线程已启动
2025-04-17 08:51:44,324 - master.network - INFO - 服务器已启动，监听 0.0.0.0:12345
2025-04-17 08:52:07,592 - master.network - INFO - 服务器已停止
2025-04-17 08:52:08,318 - master.network - INFO - 监听线程已启动
2025-04-17 08:52:08,318 - master.network - INFO - 服务器已启动，监听 0.0.0.0:12345
2025-04-17 08:52:09,600 - master.network - INFO - 服务器已停止
2025-04-17 08:52:22,923 - master.gui - INFO - 应用已关闭
2025-04-17 09:28:44,200 - master.gui - INFO - Master应用已启动
2025-04-17 09:29:04,308 - master.network - INFO - 监听线程已启动
2025-04-17 09:29:04,308 - master.network - INFO - 服务器已启动，监听 0.0.0.0:12345
2025-04-17 09:30:30,084 - master.network - INFO - 已处理 100 个同步请求
2025-04-17 09:31:50,297 - master.network - INFO - 已处理 200 个同步请求
2025-04-17 09:33:15,499 - master.network - INFO - 已处理 300 个同步请求
2025-04-17 09:34:18,650 - master.network - INFO - 服务器已停止
2025-04-17 09:34:18,650 - master.gui - INFO - 应用已关闭
2025-04-17 09:35:18,143 - master.gui - INFO - Master应用已启动
2025-04-17 09:35:20,310 - master.gui - INFO - 应用已关闭
2025-04-17 09:40:05,565 - master.gui - INFO - Master应用已启动
2025-04-17 09:40:23,553 - master.network - INFO - 监听线程已启动
2025-04-17 09:40:23,554 - master.network - INFO - 服务器已启动，监听 0.0.0.0:12345
2025-04-17 09:41:44,013 - master.network - INFO - 已处理 100 个同步请求
2025-04-17 09:43:09,221 - master.network - INFO - 已处理 200 个同步请求
2025-04-17 09:44:34,425 - master.network - INFO - 已处理 300 个同步请求
2025-04-17 09:45:54,640 - master.network - INFO - 已处理 400 个同步请求
2025-04-17 09:47:19,852 - master.network - INFO - 已处理 500 个同步请求
2025-04-17 09:48:45,058 - master.network - INFO - 已处理 600 个同步请求
2025-04-17 09:49:45,210 - master.network - INFO - 客户端连接超时
2025-04-17 09:52:25,759 - master.network - INFO - 已处理 700 个同步请求
2025-04-17 09:53:50,946 - master.network - INFO - 已处理 800 个同步请求
2025-04-17 09:55:16,145 - master.network - INFO - 已处理 900 个同步请求
2025-04-17 09:56:36,336 - master.network - INFO - 已处理 1000 个同步请求
2025-04-17 09:57:11,909 - master.network - INFO - 服务器已停止
2025-04-17 09:57:11,909 - master.gui - INFO - 应用已关闭
2025-04-17 10:02:44,117 - master.gui - INFO - Master应用已启动
2025-04-17 10:02:48,045 - master.network - INFO - 监听线程已启动
2025-04-17 10:02:48,045 - master.network - INFO - 服务器已启动，监听 0.0.0.0:12345
2025-04-17 10:04:08,898 - master.network - INFO - 服务器已停止
2025-04-17 10:04:08,898 - master.gui - INFO - 应用已关闭
2025-04-17 10:25:39,455 - master.gui - INFO - Master应用已启动
2025-04-17 10:25:47,127 - master.network - INFO - 监听线程已启动
2025-04-17 10:25:47,127 - master.network - INFO - 服务器已启动，监听 0.0.0.0:12345
2025-04-17 10:27:07,616 - master.network - INFO - 已处理 100 个同步请求
2025-04-17 10:27:30,167 - master.network - INFO - 服务器已停止
2025-04-17 10:30:23,701 - master.gui - INFO - 应用已关闭
2025-04-17 10:30:29,677 - master.gui - INFO - Master应用已启动
2025-04-17 10:30:39,758 - master.network - INFO - 监听线程已启动
2025-04-17 10:30:39,758 - master.network - INFO - 服务器已启动，监听 0.0.0.0:12345
2025-04-17 10:31:35,053 - master.network - INFO - 客户端连接超时
2025-04-17 10:55:39,273 - master.network - INFO - 服务器已停止
2025-04-17 10:55:39,274 - master.gui - INFO - 应用已关闭
2025-04-17 10:55:57,187 - master.gui - INFO - Master应用已启动
2025-04-17 10:56:05,748 - master.network - INFO - 监听线程已启动
2025-04-17 10:56:05,748 - master.network - INFO - 服务器已启动，监听 0.0.0.0:12345
2025-04-17 10:56:45,264 - master.network - INFO - 服务器已停止
2025-04-17 10:56:54,579 - master.gui - INFO - 应用已关闭
2025-04-17 11:48:45,637 - master.gui - INFO - Master应用已启动
2025-04-17 11:48:53,651 - master.network - INFO - 监听线程已启动
2025-04-17 11:48:53,651 - master.network - INFO - 服务器已启动，监听 0.0.0.0:12345
2025-04-17 11:50:13,985 - master.network - INFO - 已处理 100 个同步请求
2025-04-17 11:50:43,048 - master.network - INFO - 服务器已停止
2025-04-17 11:50:44,330 - master.gui - INFO - 应用已关闭
2025-04-17 11:51:53,516 - master.gui - INFO - Master应用已启动
2025-04-17 11:52:05,801 - master.network - INFO - 监听线程已启动
2025-04-17 11:52:05,801 - master.network - INFO - 服务器已启动，监听 0.0.0.0:12345
2025-04-17 11:52:30,782 - master.network - INFO - 客户端连接超时
2025-04-17 11:53:47,416 - master.network - INFO - 服务器已停止
2025-04-17 11:53:47,416 - master.gui - INFO - 应用已关闭
2025-04-17 11:54:09,118 - master.gui - INFO - Master应用已启动
2025-04-17 11:54:17,383 - master.network - INFO - 监听线程已启动
2025-04-17 11:54:17,383 - master.network - INFO - 服务器已启动，监听 0.0.0.0:12345
2025-04-17 11:54:25,361 - master.network - INFO - 服务器已停止
2025-04-17 11:54:27,946 - master.gui - INFO - 应用已关闭
2025-04-17 12:00:01,802 - master.gui - INFO - Master应用已启动
2025-04-17 12:00:07,735 - master.network - INFO - 监听线程已启动
2025-04-17 12:00:07,735 - master.network - INFO - 服务器已启动，监听 0.0.0.0:12345
2025-04-17 12:00:56,529 - master.network - INFO - 服务器已停止
2025-04-17 12:01:11,665 - master.gui - INFO - 应用已关闭
2025-04-17 12:50:37,002 - master.gui - INFO - Master应用已启动
2025-04-17 12:50:45,545 - master.network - INFO - 监听线程已启动
2025-04-17 12:50:45,545 - master.network - INFO - 服务器已启动，监听 0.0.0.0:12345
2025-04-17 12:51:12,201 - master.network - INFO - 服务器已停止
2025-04-17 12:51:12,201 - master.gui - INFO - 应用已关闭
